<?xml version="1.0" encoding="UTF-8"?>
<!-- Generated by org.testng.reporters.JUnitReportReporter -->
<testsuite hostname="EPBYMINW4401" name="com.epam.wizzair.test.TestCases" tests="1" failures="0" timestamp="6 Mar 2017 14:28:14 GMT" time="19.095" errors="0">
  <testcase name="flitsSum" time="19.095" classname="com.epam.wizzair.test.TestCases"/>
</testsuite> <!-- com.epam.wizzair.test.TestCases -->
